<?xml version="1.0" encoding="UTF-8" ?>
<testsuite errors="0" skipped="0" tests="4" time="0" failures="0" name="org.sakaiproject.myshowcase.model.ArtefactTagTest">
  <properties>
[...]
</properties>
  <testcase classname="org.sakaiproject.myshowcase.model.ArtefactTagTest" time="0" name="getArtefactTest"/>
  <testcase classname="org.sakaiproject.myshowcase.model.ArtefactTagTest" time="0" name="getArtefactTagIdTest"/>
  <testcase classname="org.sakaiproject.myshowcase.model.ArtefactTagTest" time="0" name="setArtefactTagIdTest"/>
  <testcase classname="org.sakaiproject.myshowcase.model.ArtefactTagTest" time="0" name="getTagTest"/>
</testsuite>